<?xml version="1.0" encoding="UTF-8"?>
<!-- Generated by org.testng.reporters.JUnitXMLReporter -->
<testsuite hostname="Sanchit-PC" ignored="0" name="Default test" tests="3" failures="0" timestamp="03 Feb 2019 05:49:08 GMT" time="18.523" errors="0">
  <testcase name="validateAccountingStatistics" time="1.371" classname="com.app.qa.test.ProjectDashboardTest"/>
  <testcase name="validateLogo" time="0.582" classname="com.app.qa.test.ProjectDashboardTest"/>
  <testcase name="validatePageTitle" time="0.404" classname="com.app.qa.test.ProjectDashboardTest"/>
</testsuite> <!-- Default test -->
