<?xml version="1.0" encoding="UTF-8"?>
<testng-results skipped="0" failed="0" ignored="0" total="1" passed="1">
  <reporter-output>
  </reporter-output>
  <suite name="Default suite" duration-ms="6430" started-at="2019-02-03T17:41:29Z" finished-at="2019-02-03T17:41:35Z">
    <groups>
    </groups>
    <test name="Default test" duration-ms="6430" started-at="2019-02-03T17:41:29Z" finished-at="2019-02-03T17:41:35Z">
      <class name="com.app.qa.test.ProjectDashboardTest">
        <test-method status="PASS" signature="setUp()[pri:0, instance:com.app.qa.test.ProjectDashboardTest@ae45eb6]" name="setUp" is-config="true" duration-ms="5161" started-at="2019-02-03T17:41:29Z" finished-at="2019-02-03T17:41:34Z">
          <reporter-output>
          </reporter-output>
        </test-method> <!-- setUp -->
        <test-method status="PASS" signature="validateBudgetFormatOnUpdate()[pri:13, instance:com.app.qa.test.ProjectDashboardTest@ae45eb6]" name="validateBudgetFormatOnUpdate" duration-ms="597" started-at="2019-02-03T17:41:34Z" finished-at="2019-02-03T17:41:34Z">
          <reporter-output>
          </reporter-output>
        </test-method> <!-- validateBudgetFormatOnUpdate -->
        <test-method status="PASS" signature="tearDown()[pri:0, instance:com.app.qa.test.ProjectDashboardTest@ae45eb6]" name="tearDown" is-config="true" duration-ms="651" started-at="2019-02-03T17:41:34Z" finished-at="2019-02-03T17:41:35Z">
          <reporter-output>
          </reporter-output>
        </test-method> <!-- tearDown -->
      </class> <!-- com.app.qa.test.ProjectDashboardTest -->
    </test> <!-- Default test -->
  </suite> <!-- Default suite -->
</testng-results>
